models/blockchain/core/block.py:18: error: Incompatible default for argument "hash" (default has type "None", argument has type "str")  [assignment]
models/blockchain/core/block.py:18: note: PEP 484 prohibits implicit Optional. Accordingly, mypy has changed its default to no_implicit_optional=True
models/blockchain/core/block.py:18: note: Use https://github.com/hauntsaninja/no_implicit_optional to automatically upgrade your codebase
models/paths_manager.py:26: error: Cannot determine type of "_initialized"  [has-type]
models/paths_manager.py:31: error: Cannot determine type of "_initialized"  [has-type]
models/paths_manager.py:62: error: Attribute "paths" already defined on line 35  [no-redef]
models/paths_manager.py:66: error: Attribute "paths" already defined on line 35  [no-redef]
models/paths_manager.py:190: error: Argument 1 to "ensure_directory" of "PathsManager" has incompatible type "Optional[str]"; expected "str"  [arg-type]
models/paths_manager.py:200: error: Incompatible return value type (got "Optional[str]", expected "str")  [return-value]
models/integration_interface.py:444: error: Name "tempfile" is not defined  [name-defined]
models/blockchain_model_example.py:214: error: Attribute "pending_transactions" already defined on line 126  [no-redef]
models/ns3_adapter.py:244: error: Argument 1 to "join" has incompatible type "Optional[str]"; expected "str"  [arg-type]
models/blockchain/network/node.py:19: error: Incompatible default for argument "public_key" (default has type "None", argument has type "str")  [assignment]
models/blockchain/network/node.py:19: note: PEP 484 prohibits implicit Optional. Accordingly, mypy has changed its default to no_implicit_optional=True
models/blockchain/network/node.py:19: note: Use https://github.com/hauntsaninja/no_implicit_optional to automatically upgrade your codebase
models/blockchain/network/node.py:20: error: Incompatible default for argument "private_key" (default has type "None", argument has type "str")  [assignment]
models/blockchain/network/node.py:20: note: PEP 484 prohibits implicit Optional. Accordingly, mypy has changed its default to no_implicit_optional=True
models/blockchain/network/node.py:20: note: Use https://github.com/hauntsaninja/no_implicit_optional to automatically upgrade your codebase
models/blockchain/network/node.py:46: error: Name "secrets" is not defined  [name-defined]
models/blockchain/network/node.py:75: error: Returning Any from function declared to return "bool"  [no-any-return]
scripts/test_ns3.py:157: error: "NS3Adapter" has no attribute "create_ns3_manet_script"  [attr-defined]
scripts/test_ns3.py:169: error: "NS3Adapter" has no attribute "compile_ns3_script"  [attr-defined]
scripts/test_ns3.py:179: error: "NS3Adapter" has no attribute "create_scenario_file"  [attr-defined]
scripts/test_ns3.py:183: error: Unexpected keyword argument "duration" for "run_simulation" of "NS3Adapter"  [call-arg]
models/ns3_adapter.py:199: note: "run_simulation" of "NS3Adapter" defined here
scripts/test_ns3.py:183: error: Unexpected keyword argument "time_resolution" for "run_simulation" of "NS3Adapter"  [call-arg]
models/ns3_adapter.py:199: note: "run_simulation" of "NS3Adapter" defined here
scripts/test_ns3.py:183: error: Unexpected keyword argument "output_dir" for "run_simulation" of "NS3Adapter"  [call-arg]
models/ns3_adapter.py:199: note: "run_simulation" of "NS3Adapter" defined here
scripts/test_ns3.py:197: error: "Tuple[bool, str]" has no attribute "get"  [attr-defined]
scripts/test_ns3.py:199: error: "Tuple[bool, str]" has no attribute "get"  [attr-defined]
scripts/test_ns3.py:202: error: "Tuple[bool, str]" has no attribute "get"  [attr-defined]
scripts/test_ns3.py:205: error: "Tuple[bool, str]" has no attribute "get"  [attr-defined]
models/blocksim_adapter.py:76: error: Incompatible types in assignment (expression has type "Dict[str, object]", variable has type "None")  [assignment]
models/blocksim_adapter.py:90: error: Value of type "None" is not indexable  [index]
models/blocksim_adapter.py:444: error: Name "tempfile" is not defined  [name-defined]
models/blockchain/core/blockchain.py:72: error: Attribute "pending_transactions" already defined on line 18  [no-redef]
models/blockchain/consensus/distributed_initialization.py:124: error: Argument "key" to "max" has incompatible type overloaded function; expected "Callable[[str], Union[SupportsDunderLT[Any], SupportsDunderGT[Any]]]"  [arg-type]
models/blockchain/consensus/distributed_initialization.py:154: error: Argument "key" to "max" has incompatible type overloaded function; expected "Callable[[str], Union[SupportsDunderLT[Any], SupportsDunderGT[Any]]]"  [arg-type]
models/integration/distributed_blockchain_manager.py:250: error: Need type annotation for "node_types" (hint: "node_types: Dict[<type>, <type>] = ...")  [var-annotated]
models/integration/distributed_blockchain_manager.py:328: error: Attribute "node_blockchains" already defined on line 21  [no-redef]
scripts/run_distributed_simulation.py:243: error: Incompatible types in assignment (expression has type "float", variable has type "int")  [assignment]
scripts/run_distributed_simulation.py:309: error: Need type annotation for "metrics"  [var-annotated]
scripts/run_single_basestation_simulation.py:136: error: Returning Any from function declared to return "bool"  [no-any-return]
scripts/run_single_basestation_simulation.py:286: error: "NS3Adapter" has no attribute "create_ns3_manet_script"  [attr-defined]
scripts/run_single_basestation_simulation.py:290: error: "NS3Adapter" has no attribute "compile_ns3_script"  [attr-defined]
scripts/run_single_basestation_simulation.py:337: error: "NS3Adapter" has no attribute "create_scenario_file"  [attr-defined]
scripts/run_single_basestation_simulation.py:343: error: Too many arguments for "run_simulation" of "NS3Adapter"  [call-arg]
scripts/run_single_basestation_simulation.py:404: error: Argument 1 to "is_in_coverage" has incompatible type "List[Any]"; expected "Tuple[float, float, float]"  [arg-type]
scripts/run_single_basestation_simulation.py:438: error: Argument 1 to "is_in_coverage" has incompatible type "List[Any]"; expected "Tuple[float, float, float]"  [arg-type]
scripts/run_single_basestation_simulation.py:525: error: Argument 1 to "is_in_coverage" has incompatible type "List[Any]"; expected "Tuple[float, float, float]"  [arg-type]
scripts/run_basic_simulation.py:206: error: "NS3Adapter" has no attribute "configure_and_build"  [attr-defined]
scripts/run_basic_simulation.py:213: error: "NS3Adapter" has no attribute "create_ns3_manet_script"  [attr-defined]
scripts/run_basic_simulation.py:217: error: "NS3Adapter" has no attribute "compile_ns3_script"  [attr-defined]
scripts/run_basic_simulation.py:279: error: "NS3Adapter" has no attribute "create_scenario_file"  [attr-defined]
scripts/run_basic_simulation.py:285: error: Too many arguments for "run_simulation" of "NS3Adapter"  [call-arg]
Found 47 errors in 14 files (checked 25 source files)
